TN:
SF:src/modules/appointments/services/CreateAppointmentService.ts
FN:67,__decorate
FN:67,__metadata
FN:67,__param
FN:67,__awaiter
FN:67,adopt
FN:67,fulfilled
FN:67,rejected
FN:67,step
FN:67,__generator
FN:67,sent
FN:67,Symbol.function.g.(anonymous function)
FN:67,verb
FN:67,step
FN:67,__importDefault
FN:19,CreateAppointmentService
FN:27,CreateAppointmentService.execute
FNF:16
FNH:14
FNDA:1,__decorate
FNDA:1,__metadata
FNDA:2,__param
FNDA:7,__awaiter
FNDA:7,adopt
FNDA:7,fulfilled
FNDA:0,rejected
FNDA:9,step
FNDA:7,__generator
FNDA:7,sent
FNDA:0,Symbol.function.g.(anonymous function)
FNDA:21,verb
FNDA:14,step
FNDA:1,__importDefault
FNDA:5,CreateAppointmentService
FNDA:7,CreateAppointmentService.execute
DA:1,1
DA:2,1
DA:3,1
DA:4,1
DA:5,1
DA:6,1
DA:7,1
DA:8,1
DA:9,1
DA:10,1
DA:11,1
DA:12,1
DA:13,1
DA:14,1
DA:15,1
DA:16,1
DA:17,1
DA:18,1
DA:19,1
DA:20,5
DA:21,5
DA:22,5
DA:23,5
DA:24,5
DA:25,5
DA:26,1
DA:27,1
DA:28,7
DA:29,7
DA:30,7
DA:31,3
DA:32,0
DA:33,4
DA:34,7
DA:35,0
DA:36,0
DA:37,4
DA:38,7
DA:39,1
DA:40,0
DA:41,3
DA:42,3
DA:43,3
DA:44,3
DA:45,7
DA:46,7
DA:47,1
DA:48,0
DA:49,2
DA:50,2
DA:51,2
DA:52,2
DA:53,2
DA:54,2
DA:55,7
DA:56,7
DA:57,7
DA:58,7
DA:59,7
DA:60,7
DA:61,7
DA:62,7
DA:63,7
DA:64,7
DA:65,1
DA:66,1
DA:67,1
LF:67
LH:62
BRDA:67,0,0,1
BRDA:67,1,0,1
BRDA:67,2,0,0
BRDA:67,3,0,0
BRDA:67,4,0,0
BRDA:67,5,0,0
BRDA:67,6,0,0
BRDA:67,7,0,1
BRDA:67,8,0,0
BRDA:67,9,0,2
BRDA:67,10,0,0
BRDA:67,11,0,2
BRDA:67,12,0,7
BRDA:67,13,0,0
BRDA:67,14,0,7
BRDA:67,15,0,0
BRDA:67,16,0,0
BRDA:67,17,0,7
BRDA:67,18,0,7
BRDA:67,19,0,1
BRDA:67,20,0,9
BRDA:67,21,0,2
BRDA:67,22,0,7
BRDA:67,23,0,7
BRDA:67,24,0,0
BRDA:67,25,0,7
BRDA:67,26,0,0
BRDA:67,27,0,0
BRDA:67,28,0,21
BRDA:67,29,0,0
BRDA:67,30,0,14
BRDA:67,31,0,0
BRDA:67,32,0,14
BRDA:67,33,0,0
BRDA:67,34,0,28
BRDA:67,35,0,0
BRDA:67,36,0,0
BRDA:67,37,0,0
BRDA:67,38,0,0
BRDA:67,39,0,14
BRDA:67,40,0,14
BRDA:67,41,0,0
BRDA:67,42,0,7
BRDA:67,43,0,0
BRDA:67,44,0,7
BRDA:67,45,0,0
BRDA:67,46,0,2
BRDA:67,47,0,0
BRDA:67,48,0,0
BRDA:67,49,0,0
BRDA:67,50,0,0
BRDA:67,51,0,0
BRDA:67,52,0,14
BRDA:67,53,0,9
BRDA:67,54,0,5
BRDA:67,55,0,14
BRDA:67,56,0,5
BRDA:67,57,0,2
BRDA:67,58,0,0
BRDA:67,59,0,0
BRDA:67,60,0,1
BRDA:67,61,0,0
BRDA:67,62,0,0
BRDA:18,63,0,1
BRDA:65,64,0,0
BRDA:19,65,0,5
BRDA:27,66,0,7
BRDA:67,67,0,0
BRDA:67,68,0,7
BRDA:67,69,0,0
BRDA:67,70,0,14
BRDA:67,71,0,7
BRDA:30,72,0,3
BRDA:31,73,0,0
BRDA:32,74,0,4
BRDA:34,75,0,0
BRDA:36,76,0,4
BRDA:38,77,0,1
BRDA:39,78,0,0
BRDA:40,79,0,3
BRDA:67,80,0,0
BRDA:67,81,0,3
BRDA:46,82,0,1
BRDA:47,83,0,0
BRDA:48,84,0,2
BRDA:67,85,0,0
BRDA:67,86,0,2
BRDA:67,87,0,0
BRDA:67,88,0,2
BRDA:67,89,0,0
BRF:90
BRH:47
end_of_record
TN:
SF:src/modules/appointments/services/ListProviderAppointmentsService.ts
FN:34,__decorate
FN:34,__metadata
FN:34,__param
FN:34,__awaiter
FN:34,adopt
FN:34,fulfilled
FN:34,rejected
FN:34,step
FN:34,__generator
FN:34,sent
FN:34,Symbol.function.g.(anonymous function)
FN:34,verb
FN:34,step
FN:16,ListProviderAppointmentsService
FN:21,ListProviderAppointmentsService.execute
FNF:15
FNH:13
FNDA:1,__decorate
FNDA:1,__metadata
FNDA:1,__param
FNDA:1,__awaiter
FNDA:1,adopt
FNDA:1,fulfilled
FNDA:0,rejected
FNDA:2,step
FNDA:1,__generator
FNDA:1,sent
FNDA:0,Symbol.function.g.(anonymous function)
FNDA:3,verb
FNDA:2,step
FNDA:1,ListProviderAppointmentsService
FNDA:1,ListProviderAppointmentsService.execute
DA:1,1
DA:2,1
DA:3,1
DA:4,1
DA:5,1
DA:6,1
DA:7,1
DA:8,1
DA:9,1
DA:10,1
DA:11,1
DA:12,1
DA:13,1
DA:14,1
DA:15,1
DA:16,1
DA:17,1
DA:18,1
DA:19,1
DA:20,1
DA:21,1
DA:22,1
DA:23,1
DA:24,1
DA:25,1
DA:26,1
DA:27,1
DA:28,1
DA:29,1
DA:30,1
DA:31,1
DA:32,1
DA:33,1
DA:34,1
LF:34
LH:34
BRDA:34,0,0,1
BRDA:34,1,0,1
BRDA:34,2,0,0
BRDA:34,3,0,0
BRDA:34,4,0,0
BRDA:34,5,0,0
BRDA:34,6,0,0
BRDA:34,7,0,1
BRDA:34,8,0,0
BRDA:34,9,0,1
BRDA:34,10,0,0
BRDA:34,11,0,1
BRDA:34,12,0,1
BRDA:34,13,0,0
BRDA:34,14,0,1
BRDA:34,15,0,0
BRDA:34,16,0,0
BRDA:34,17,0,1
BRDA:34,18,0,1
BRDA:34,19,0,0
BRDA:34,20,0,2
BRDA:34,21,0,1
BRDA:34,22,0,1
BRDA:34,23,0,1
BRDA:34,24,0,0
BRDA:34,25,0,1
BRDA:34,26,0,0
BRDA:34,27,0,0
BRDA:34,28,0,3
BRDA:34,29,0,0
BRDA:34,30,0,2
BRDA:34,31,0,0
BRDA:34,32,0,2
BRDA:34,33,0,0
BRDA:34,34,0,4
BRDA:34,35,0,0
BRDA:34,36,0,0
BRDA:34,37,0,0
BRDA:34,38,0,0
BRDA:34,39,0,2
BRDA:34,40,0,2
BRDA:34,41,0,0
BRDA:34,42,0,1
BRDA:34,43,0,0
BRDA:34,44,0,1
BRDA:34,45,0,0
BRDA:34,46,0,0
BRDA:34,47,0,0
BRDA:34,48,0,0
BRDA:34,49,0,0
BRDA:34,50,0,0
BRDA:34,51,0,2
BRDA:34,52,0,0
BRDA:34,53,0,2
BRDA:34,54,0,0
BRDA:34,55,0,1
BRDA:34,56,0,0
BRDA:34,57,0,0
BRDA:15,58,0,1
BRDA:32,59,0,0
BRDA:16,60,0,1
BRDA:21,61,0,1
BRDA:34,62,0,0
BRDA:34,63,0,1
BRDA:34,64,0,0
BRDA:34,65,0,2
BRDA:22,66,0,1
BRDA:34,67,0,0
BRDA:34,68,0,1
BRDA:34,69,0,0
BRF:70
BRH:32
end_of_record
TN:
SF:src/modules/appointments/services/ListProviderDayAvailabilityService.ts
FN:60,__decorate
FN:60,__metadata
FN:60,__param
FN:60,__awaiter
FN:60,adopt
FN:60,fulfilled
FN:60,rejected
FN:60,step
FN:60,__generator
FN:60,sent
FN:60,Symbol.function.g.(anonymous function)
FN:60,verb
FN:60,step
FN:20,ListProviderDayAvailabilityService
FN:25,ListProviderDayAvailabilityService.execute
FNF:15
FNH:13
FNDA:1,__decorate
FNDA:1,__metadata
FNDA:1,__param
FNDA:1,__awaiter
FNDA:1,adopt
FNDA:1,fulfilled
FNDA:0,rejected
FNDA:2,step
FNDA:1,__generator
FNDA:1,sent
FNDA:0,Symbol.function.g.(anonymous function)
FNDA:3,verb
FNDA:2,step
FNDA:1,ListProviderDayAvailabilityService
FNDA:1,ListProviderDayAvailabilityService.execute
DA:1,1
DA:2,1
DA:3,1
DA:4,1
DA:5,1
DA:6,1
DA:7,1
DA:8,1
DA:9,1
DA:10,1
DA:11,1
DA:12,1
DA:13,1
DA:14,1
DA:15,1
DA:16,1
DA:17,1
DA:18,1
DA:19,1
DA:20,1
DA:21,1
DA:22,1
DA:23,1
DA:24,1
DA:25,1
DA:26,1
DA:27,1
DA:28,1
DA:29,1
DA:30,1
DA:31,1
DA:32,1
DA:33,1
DA:34,1
DA:35,1
DA:36,1
DA:37,1
DA:38,1
DA:39,1
DA:40,1
DA:41,1
DA:42,10
DA:43,10
DA:44,10
DA:45,10
DA:46,10
DA:47,10
DA:48,10
DA:49,10
DA:50,10
DA:51,10
DA:52,10
DA:53,1
DA:54,1
DA:55,1
DA:56,1
DA:57,1
DA:58,1
DA:59,1
DA:60,1
LF:60
LH:60
BRDA:60,0,0,1
BRDA:60,1,0,1
BRDA:60,2,0,0
BRDA:60,3,0,0
BRDA:60,4,0,0
BRDA:60,5,0,0
BRDA:60,6,0,0
BRDA:60,7,0,1
BRDA:60,8,0,0
BRDA:60,9,0,1
BRDA:60,10,0,0
BRDA:60,11,0,1
BRDA:60,12,0,1
BRDA:60,13,0,0
BRDA:60,14,0,1
BRDA:60,15,0,0
BRDA:60,16,0,0
BRDA:60,17,0,1
BRDA:60,18,0,1
BRDA:60,19,0,0
BRDA:60,20,0,2
BRDA:60,21,0,1
BRDA:60,22,0,1
BRDA:60,23,0,1
BRDA:60,24,0,0
BRDA:60,25,0,1
BRDA:60,26,0,0
BRDA:60,27,0,0
BRDA:60,28,0,3
BRDA:60,29,0,0
BRDA:60,30,0,2
BRDA:60,31,0,0
BRDA:60,32,0,2
BRDA:60,33,0,0
BRDA:60,34,0,4
BRDA:60,35,0,0
BRDA:60,36,0,0
BRDA:60,37,0,0
BRDA:60,38,0,0
BRDA:60,39,0,2
BRDA:60,40,0,2
BRDA:60,41,0,0
BRDA:60,42,0,1
BRDA:60,43,0,0
BRDA:60,44,0,1
BRDA:60,45,0,0
BRDA:60,46,0,0
BRDA:60,47,0,0
BRDA:60,48,0,0
BRDA:60,49,0,0
BRDA:60,50,0,0
BRDA:60,51,0,2
BRDA:60,52,0,0
BRDA:60,53,0,2
BRDA:60,54,0,0
BRDA:60,55,0,1
BRDA:60,56,0,0
BRDA:60,57,0,0
BRDA:19,58,0,1
BRDA:58,59,0,0
BRDA:20,60,0,1
BRDA:25,61,0,1
BRDA:60,62,0,0
BRDA:60,63,0,1
BRDA:60,64,0,0
BRDA:60,65,0,2
BRDA:27,66,0,1
BRDA:60,67,0,0
BRDA:60,68,0,1
BRDA:60,69,0,0
BRDA:36,70,0,10
BRDA:36,71,0,0
BRDA:41,72,0,10
BRDA:51,73,0,8
BRDA:52,74,0,0
BRDA:43,75,0,19
BRDA:44,76,0,0
BRF:77
BRH:36
end_of_record
TN:
SF:src/modules/appointments/services/ListProviderMonthAvailabilityService.ts
FN:55,__decorate
FN:55,__metadata
FN:55,__param
FN:55,__awaiter
FN:55,adopt
FN:55,fulfilled
FN:55,rejected
FN:55,step
FN:55,__generator
FN:55,sent
FN:55,Symbol.function.g.(anonymous function)
FN:55,verb
FN:55,step
FN:19,ListProviderMonthAvailabilityService
FN:24,ListProviderMonthAvailabilityService.execute
FNF:15
FNH:13
FNDA:1,__decorate
FNDA:1,__metadata
FNDA:1,__param
FNDA:1,__awaiter
FNDA:1,adopt
FNDA:1,fulfilled
FNDA:0,rejected
FNDA:2,step
FNDA:1,__generator
FNDA:1,sent
FNDA:0,Symbol.function.g.(anonymous function)
FNDA:3,verb
FNDA:2,step
FNDA:1,ListProviderMonthAvailabilityService
FNDA:1,ListProviderMonthAvailabilityService.execute
DA:1,1
DA:2,1
DA:3,1
DA:4,1
DA:5,1
DA:6,1
DA:7,1
DA:8,1
DA:9,1
DA:10,1
DA:11,1
DA:12,1
DA:13,1
DA:14,1
DA:15,1
DA:16,1
DA:17,1
DA:18,1
DA:19,1
DA:20,1
DA:21,1
DA:22,1
DA:23,1
DA:24,1
DA:25,1
DA:26,1
DA:27,1
DA:28,1
DA:29,1
DA:30,1
DA:31,1
DA:32,1
DA:33,1
DA:34,1
DA:35,1
DA:36,1
DA:37,1
DA:38,1
DA:39,1
DA:40,1
DA:41,31
DA:42,372
DA:43,31
DA:44,31
DA:45,31
DA:46,31
DA:47,31
DA:48,1
DA:49,1
DA:50,1
DA:51,1
DA:52,1
DA:53,1
DA:54,1
DA:55,1
LF:55
LH:55
BRDA:55,0,0,1
BRDA:55,1,0,1
BRDA:55,2,0,0
BRDA:55,3,0,0
BRDA:55,4,0,0
BRDA:55,5,0,0
BRDA:55,6,0,0
BRDA:55,7,0,1
BRDA:55,8,0,0
BRDA:55,9,0,1
BRDA:55,10,0,0
BRDA:55,11,0,1
BRDA:55,12,0,1
BRDA:55,13,0,0
BRDA:55,14,0,1
BRDA:55,15,0,0
BRDA:55,16,0,0
BRDA:55,17,0,1
BRDA:55,18,0,1
BRDA:55,19,0,0
BRDA:55,20,0,2
BRDA:55,21,0,1
BRDA:55,22,0,1
BRDA:55,23,0,1
BRDA:55,24,0,0
BRDA:55,25,0,1
BRDA:55,26,0,0
BRDA:55,27,0,0
BRDA:55,28,0,3
BRDA:55,29,0,0
BRDA:55,30,0,2
BRDA:55,31,0,0
BRDA:55,32,0,2
BRDA:55,33,0,0
BRDA:55,34,0,4
BRDA:55,35,0,0
BRDA:55,36,0,0
BRDA:55,37,0,0
BRDA:55,38,0,0
BRDA:55,39,0,2
BRDA:55,40,0,2
BRDA:55,41,0,0
BRDA:55,42,0,1
BRDA:55,43,0,0
BRDA:55,44,0,1
BRDA:55,45,0,0
BRDA:55,46,0,0
BRDA:55,47,0,0
BRDA:55,48,0,0
BRDA:55,49,0,0
BRDA:55,50,0,0
BRDA:55,51,0,2
BRDA:55,52,0,0
BRDA:55,53,0,2
BRDA:55,54,0,0
BRDA:55,55,0,1
BRDA:55,56,0,0
BRDA:55,57,0,0
BRDA:18,58,0,1
BRDA:53,59,0,0
BRDA:19,60,0,1
BRDA:24,61,0,1
BRDA:55,62,0,0
BRDA:55,63,0,1
BRDA:55,64,0,0
BRDA:55,65,0,2
BRDA:25,66,0,1
BRDA:55,67,0,0
BRDA:55,68,0,1
BRDA:55,69,0,0
BRDA:37,70,0,31
BRDA:37,71,0,0
BRDA:40,72,0,31
BRDA:47,73,0,0
BRDA:41,74,0,372
BRDA:42,75,0,0
BRF:76
BRH:35
end_of_record
TN:
SF:src/modules/appointments/services/ListProvidersService.ts
FN:29,__decorate
FN:29,__metadata
FN:29,__param
FN:29,__awaiter
FN:29,adopt
FN:29,fulfilled
FN:29,rejected
FN:29,step
FN:29,__generator
FN:29,sent
FN:29,Symbol.function.g.(anonymous function)
FN:29,verb
FN:29,step
FN:14,ListProvidersService
FN:20,ListProvidersService.execute
FNF:15
FNH:13
FNDA:1,__decorate
FNDA:1,__metadata
FNDA:1,__param
FNDA:1,__awaiter
FNDA:1,adopt
FNDA:1,fulfilled
FNDA:0,rejected
FNDA:2,step
FNDA:1,__generator
FNDA:1,sent
FNDA:0,Symbol.function.g.(anonymous function)
FNDA:3,verb
FNDA:2,step
FNDA:1,ListProvidersService
FNDA:1,ListProvidersService.execute
DA:1,1
DA:2,1
DA:3,1
DA:4,1
DA:5,1
DA:6,1
DA:7,1
DA:8,1
DA:9,1
DA:10,1
DA:11,1
DA:12,1
DA:13,1
DA:14,1
DA:15,1
DA:16,1
DA:17,1
DA:18,1
DA:19,1
DA:20,1
DA:21,1
DA:22,1
DA:23,1
DA:24,1
DA:25,1
DA:26,1
DA:27,1
DA:28,1
DA:29,1
LF:29
LH:29
BRDA:29,0,0,1
BRDA:29,1,0,1
BRDA:29,2,0,0
BRDA:29,3,0,0
BRDA:29,4,0,0
BRDA:29,5,0,0
BRDA:29,6,0,0
BRDA:29,7,0,1
BRDA:29,8,0,0
BRDA:29,9,0,1
BRDA:29,10,0,0
BRDA:29,11,0,1
BRDA:29,12,0,1
BRDA:29,13,0,0
BRDA:29,14,0,1
BRDA:29,15,0,0
BRDA:29,16,0,0
BRDA:29,17,0,1
BRDA:29,18,0,1
BRDA:29,19,0,0
BRDA:29,20,0,2
BRDA:29,21,0,1
BRDA:29,22,0,1
BRDA:29,23,0,1
BRDA:29,24,0,0
BRDA:29,25,0,1
BRDA:29,26,0,0
BRDA:29,27,0,0
BRDA:29,28,0,3
BRDA:29,29,0,0
BRDA:29,30,0,2
BRDA:29,31,0,0
BRDA:29,32,0,2
BRDA:29,33,0,0
BRDA:29,34,0,4
BRDA:29,35,0,0
BRDA:29,36,0,0
BRDA:29,37,0,0
BRDA:29,38,0,0
BRDA:29,39,0,2
BRDA:29,40,0,2
BRDA:29,41,0,0
BRDA:29,42,0,1
BRDA:29,43,0,0
BRDA:29,44,0,1
BRDA:29,45,0,0
BRDA:29,46,0,0
BRDA:29,47,0,0
BRDA:29,48,0,0
BRDA:29,49,0,0
BRDA:29,50,0,0
BRDA:29,51,0,2
BRDA:29,52,0,0
BRDA:29,53,0,2
BRDA:29,54,0,0
BRDA:29,55,0,1
BRDA:29,56,0,0
BRDA:29,57,0,0
BRDA:13,58,0,1
BRDA:27,59,0,0
BRDA:14,60,0,1
BRDA:20,61,0,1
BRDA:29,62,0,0
BRDA:29,63,0,1
BRDA:29,64,0,0
BRDA:29,65,0,2
BRDA:21,66,0,1
BRDA:29,67,0,0
BRDA:29,68,0,1
BRDA:29,69,0,0
BRF:70
BRH:32
end_of_record
TN:
SF:src/modules/users/services/AuthenticateUserService.ts
FN:61,__decorate
FN:61,__metadata
FN:61,__param
FN:61,__awaiter
FN:61,adopt
FN:61,fulfilled
FN:61,rejected
FN:61,step
FN:61,__generator
FN:61,sent
FN:61,Symbol.function.g.(anonymous function)
FN:61,verb
FN:61,step
FN:61,__importDefault
FN:24,AuthenticateUserService
FN:33,AuthenticateUserService.execute
FNF:16
FNH:14
FNDA:1,__decorate
FNDA:1,__metadata
FNDA:2,__param
FNDA:3,__awaiter
FNDA:5,adopt
FNDA:5,fulfilled
FNDA:0,rejected
FNDA:6,step
FNDA:3,__generator
FNDA:5,sent
FNDA:0,Symbol.function.g.(anonymous function)
FNDA:9,verb
FNDA:8,step
FNDA:2,__importDefault
FNDA:3,AuthenticateUserService
FNDA:3,AuthenticateUserService.execute
DA:1,1
DA:2,1
DA:3,1
DA:4,1
DA:5,1
DA:6,1
DA:7,1
DA:8,1
DA:9,1
DA:10,1
DA:11,1
DA:12,1
DA:13,1
DA:14,1
DA:15,1
DA:16,1
DA:17,1
DA:18,1
DA:19,1
DA:20,1
DA:21,1
DA:22,1
DA:23,1
DA:24,1
DA:25,3
DA:26,3
DA:27,3
DA:28,3
DA:29,3
DA:30,3
DA:31,1
DA:32,1
DA:33,1
DA:34,3
DA:35,3
DA:36,3
DA:37,3
DA:38,1
DA:39,0
DA:40,2
DA:41,2
DA:42,3
DA:43,3
DA:44,1
DA:45,0
DA:46,1
DA:47,1
DA:48,1
DA:49,1
DA:50,1
DA:51,1
DA:52,1
DA:53,1
DA:54,1
DA:55,1
DA:56,1
DA:57,1
DA:58,3
DA:59,1
DA:60,1
DA:61,1
LF:61
LH:59
BRDA:61,0,0,1
BRDA:61,1,0,1
BRDA:61,2,0,0
BRDA:61,3,0,0
BRDA:61,4,0,0
BRDA:61,5,0,0
BRDA:61,6,0,0
BRDA:61,7,0,1
BRDA:61,8,0,0
BRDA:61,9,0,2
BRDA:61,10,0,0
BRDA:61,11,0,2
BRDA:61,12,0,3
BRDA:61,13,0,0
BRDA:61,14,0,5
BRDA:61,15,0,0
BRDA:61,16,0,0
BRDA:61,17,0,3
BRDA:61,18,0,5
BRDA:61,19,0,2
BRDA:61,20,0,6
BRDA:61,21,0,1
BRDA:61,22,0,5
BRDA:61,23,0,3
BRDA:61,24,0,0
BRDA:61,25,0,5
BRDA:61,26,0,0
BRDA:61,27,0,0
BRDA:61,28,0,9
BRDA:61,29,0,0
BRDA:61,30,0,8
BRDA:61,31,0,0
BRDA:61,32,0,8
BRDA:61,33,0,0
BRDA:61,34,0,16
BRDA:61,35,0,0
BRDA:61,36,0,0
BRDA:61,37,0,0
BRDA:61,38,0,0
BRDA:61,39,0,8
BRDA:61,40,0,8
BRDA:61,41,0,0
BRDA:61,42,0,5
BRDA:61,43,0,0
BRDA:61,44,0,3
BRDA:61,45,0,0
BRDA:61,46,0,1
BRDA:61,47,0,0
BRDA:61,48,0,0
BRDA:61,49,0,0
BRDA:61,50,0,0
BRDA:61,51,0,0
BRDA:61,52,0,8
BRDA:61,53,0,6
BRDA:61,54,0,2
BRDA:61,55,0,8
BRDA:61,56,0,2
BRDA:61,57,0,1
BRDA:61,58,0,0
BRDA:61,59,0,0
BRDA:61,60,0,2
BRDA:61,61,0,0
BRDA:61,62,0,0
BRDA:23,63,0,1
BRDA:59,64,0,0
BRDA:24,65,0,3
BRDA:33,66,0,3
BRDA:61,67,0,0
BRDA:61,68,0,3
BRDA:61,69,0,0
BRDA:61,70,0,8
BRDA:35,71,0,3
BRDA:61,72,0,0
BRDA:61,73,0,3
BRDA:37,74,0,1
BRDA:38,75,0,0
BRDA:39,76,0,2
BRDA:61,77,0,0
BRDA:61,78,0,2
BRDA:43,79,0,1
BRDA:44,80,0,0
BRDA:61,81,0,0
BRF:82
BRH:42
end_of_record
TN:
SF:src/modules/users/services/CreateUserService.ts
FN:44,__decorate
FN:44,__metadata
FN:44,__param
FN:44,__awaiter
FN:44,adopt
FN:44,fulfilled
FN:44,rejected
FN:44,step
FN:44,__generator
FN:44,sent
FN:44,Symbol.function.g.(anonymous function)
FN:44,verb
FN:44,step
FN:44,__importDefault
FN:18,CreateUserService
FN:26,CreateUserService.execute
FNF:16
FNH:14
FNDA:2,__decorate
FNDA:2,__metadata
FNDA:4,__param
FNDA:5,__awaiter
FNDA:13,adopt
FNDA:13,fulfilled
FNDA:0,rejected
FNDA:17,step
FNDA:5,__generator
FNDA:13,sent
FNDA:0,Symbol.function.g.(anonymous function)
FNDA:15,verb
FNDA:18,step
FNDA:2,__importDefault
FNDA:5,CreateUserService
FNDA:5,CreateUserService.execute
DA:1,1
DA:2,1
DA:3,1
DA:4,1
DA:5,1
DA:6,1
DA:7,1
DA:8,1
DA:9,1
DA:10,1
DA:11,1
DA:12,1
DA:13,1
DA:14,1
DA:15,1
DA:16,1
DA:17,2
DA:18,2
DA:19,5
DA:20,5
DA:21,5
DA:22,5
DA:23,5
DA:24,5
DA:25,2
DA:26,2
DA:27,5
DA:28,5
DA:29,5
DA:30,1
DA:31,4
DA:32,4
DA:33,5
DA:34,5
DA:35,5
DA:36,5
DA:37,5
DA:38,5
DA:39,5
DA:40,5
DA:41,5
DA:42,2
DA:43,1
DA:44,1
LF:44
LH:44
BRDA:44,0,0,2
BRDA:44,1,0,2
BRDA:44,2,0,0
BRDA:44,3,0,0
BRDA:44,4,0,0
BRDA:44,5,0,0
BRDA:44,6,0,0
BRDA:44,7,0,2
BRDA:44,8,0,0
BRDA:44,9,0,4
BRDA:44,10,0,0
BRDA:44,11,0,4
BRDA:44,12,0,5
BRDA:44,13,0,0
BRDA:44,14,0,13
BRDA:44,15,0,0
BRDA:44,16,0,0
BRDA:44,17,0,5
BRDA:44,18,0,13
BRDA:44,19,0,1
BRDA:44,20,0,17
BRDA:44,21,0,4
BRDA:44,22,0,13
BRDA:44,23,0,5
BRDA:44,24,0,0
BRDA:44,25,0,13
BRDA:44,26,0,0
BRDA:44,27,0,0
BRDA:44,28,0,15
BRDA:44,29,0,0
BRDA:44,30,0,18
BRDA:44,31,0,0
BRDA:44,32,0,18
BRDA:44,33,0,0
BRDA:44,34,0,36
BRDA:44,35,0,0
BRDA:44,36,0,0
BRDA:44,37,0,0
BRDA:44,38,0,0
BRDA:44,39,0,18
BRDA:44,40,0,18
BRDA:44,41,0,0
BRDA:44,42,0,13
BRDA:44,43,0,0
BRDA:44,44,0,5
BRDA:44,45,0,0
BRDA:44,46,0,4
BRDA:44,47,0,0
BRDA:44,48,0,0
BRDA:44,49,0,0
BRDA:44,50,0,0
BRDA:44,51,0,0
BRDA:44,52,0,28
BRDA:44,53,0,18
BRDA:44,54,0,17
BRDA:44,55,0,1
BRDA:44,56,0,18
BRDA:44,57,0,1
BRDA:44,58,0,4
BRDA:44,59,0,0
BRDA:44,60,0,0
BRDA:44,61,0,2
BRDA:44,62,0,0
BRDA:44,63,0,0
BRDA:17,64,0,2
BRDA:42,65,0,0
BRDA:18,66,0,5
BRDA:26,67,0,5
BRDA:44,68,0,0
BRDA:44,69,0,5
BRDA:44,70,0,0
BRDA:44,71,0,18
BRDA:27,72,0,5
BRDA:44,73,0,0
BRDA:44,74,0,5
BRDA:29,75,0,1
BRDA:30,76,0,0
BRDA:30,77,0,4
BRDA:44,78,0,0
BRDA:44,79,0,4
BRDA:44,80,0,0
BRDA:44,81,0,4
BRDA:44,82,0,0
BRF:83
BRH:43
end_of_record
TN:
SF:src/modules/users/services/ResetPasswordService.ts
FN:58,__decorate
FN:58,__metadata
FN:58,__param
FN:58,__awaiter
FN:58,adopt
FN:58,fulfilled
FN:58,rejected
FN:58,step
FN:58,__generator
FN:58,sent
FN:58,Symbol.function.g.(anonymous function)
FN:58,verb
FN:58,step
FN:58,__importDefault
FN:18,ResetPasswordService
FN:29,ResetPasswordService.execute
FNF:16
FNH:14
FNDA:1,__decorate
FNDA:1,__metadata
FNDA:3,__param
FNDA:4,__awaiter
FNDA:9,adopt
FNDA:9,fulfilled
FNDA:0,rejected
FNDA:10,step
FNDA:4,__generator
FNDA:9,sent
FNDA:0,Symbol.function.g.(anonymous function)
FNDA:12,verb
FNDA:13,step
FNDA:1,__importDefault
FNDA:4,ResetPasswordService
FNDA:4,ResetPasswordService.execute
DA:1,1
DA:2,1
DA:3,1
DA:4,1
DA:5,1
DA:6,1
DA:7,1
DA:8,1
DA:9,1
DA:10,1
DA:11,1
DA:12,1
DA:13,1
DA:14,1
DA:15,1
DA:16,1
DA:17,1
DA:18,1
DA:19,4
DA:20,4
DA:21,4
DA:22,4
DA:23,4
DA:24,4
DA:25,4
DA:26,4
DA:27,4
DA:28,1
DA:29,1
DA:30,4
DA:31,4
DA:32,4
DA:33,1
DA:34,0
DA:35,3
DA:36,3
DA:37,4
DA:38,4
DA:39,1
DA:40,0
DA:41,2
DA:42,2
DA:43,2
DA:44,2
DA:45,2
DA:46,4
DA:47,1
DA:48,0
DA:49,1
DA:50,1
DA:51,1
DA:52,4
DA:53,4
DA:54,4
DA:55,4
DA:56,1
DA:57,1
DA:58,1
LF:58
LH:55
BRDA:58,0,0,1
BRDA:58,1,0,1
BRDA:58,2,0,0
BRDA:58,3,0,0
BRDA:58,4,0,0
BRDA:58,5,0,0
BRDA:58,6,0,0
BRDA:58,7,0,1
BRDA:58,8,0,0
BRDA:58,9,0,3
BRDA:58,10,0,0
BRDA:58,11,0,3
BRDA:58,12,0,4
BRDA:58,13,0,0
BRDA:58,14,0,9
BRDA:58,15,0,0
BRDA:58,16,0,0
BRDA:58,17,0,4
BRDA:58,18,0,9
BRDA:58,19,0,3
BRDA:58,20,0,10
BRDA:58,21,0,1
BRDA:58,22,0,9
BRDA:58,23,0,4
BRDA:58,24,0,0
BRDA:58,25,0,9
BRDA:58,26,0,0
BRDA:58,27,0,0
BRDA:58,28,0,12
BRDA:58,29,0,0
BRDA:58,30,0,13
BRDA:58,31,0,0
BRDA:58,32,0,13
BRDA:58,33,0,0
BRDA:58,34,0,26
BRDA:58,35,0,0
BRDA:58,36,0,0
BRDA:58,37,0,0
BRDA:58,38,0,0
BRDA:58,39,0,13
BRDA:58,40,0,13
BRDA:58,41,0,0
BRDA:58,42,0,9
BRDA:58,43,0,0
BRDA:58,44,0,4
BRDA:58,45,0,0
BRDA:58,46,0,1
BRDA:58,47,0,0
BRDA:58,48,0,0
BRDA:58,49,0,0
BRDA:58,50,0,0
BRDA:58,51,0,0
BRDA:58,52,0,13
BRDA:58,53,0,10
BRDA:58,54,0,3
BRDA:58,55,0,13
BRDA:58,56,0,3
BRDA:58,57,0,1
BRDA:58,58,0,0
BRDA:58,59,0,0
BRDA:58,60,0,1
BRDA:58,61,0,0
BRDA:58,62,0,0
BRDA:17,63,0,1
BRDA:56,64,0,0
BRDA:18,65,0,4
BRDA:29,66,0,4
BRDA:58,67,0,0
BRDA:58,68,0,4
BRDA:58,69,0,0
BRDA:58,70,0,13
BRDA:30,71,0,4
BRDA:58,72,0,0
BRDA:58,73,0,4
BRDA:32,74,0,1
BRDA:33,75,0,0
BRDA:34,76,0,3
BRDA:58,77,0,0
BRDA:58,78,0,3
BRDA:38,79,0,1
BRDA:39,80,0,0
BRDA:40,81,0,2
BRDA:46,82,0,1
BRDA:47,83,0,0
BRDA:58,84,0,0
BRDA:58,85,0,1
BRDA:58,86,0,0
BRDA:58,87,0,1
BRDA:58,88,0,0
BRF:89
BRH:46
end_of_record
TN:
SF:src/modules/users/services/SendForgotPasswordEmailService.ts
FN:62,__decorate
FN:62,__metadata
FN:62,__param
FN:62,__awaiter
FN:62,adopt
FN:62,fulfilled
FN:62,rejected
FN:62,step
FN:62,__generator
FN:62,sent
FN:62,Symbol.function.g.(anonymous function)
FN:62,verb
FN:62,step
FN:62,__importDefault
FN:19,SendForgotPasswordEmailService
FN:30,SendForgotPasswordEmailService.execute
FNF:16
FNH:14
FNDA:1,__decorate
FNDA:1,__metadata
FNDA:3,__param
FNDA:3,__awaiter
FNDA:7,adopt
FNDA:7,fulfilled
FNDA:0,rejected
FNDA:9,step
FNDA:3,__generator
FNDA:7,sent
FNDA:0,Symbol.function.g.(anonymous function)
FNDA:9,verb
FNDA:10,step
FNDA:2,__importDefault
FNDA:3,SendForgotPasswordEmailService
FNDA:3,SendForgotPasswordEmailService.execute
DA:1,1
DA:2,1
DA:3,1
DA:4,1
DA:5,1
DA:6,1
DA:7,1
DA:8,1
DA:9,1
DA:10,1
DA:11,1
DA:12,1
DA:13,1
DA:14,1
DA:15,1
DA:16,1
DA:17,1
DA:18,1
DA:19,1
DA:20,3
DA:21,3
DA:22,3
DA:23,3
DA:24,3
DA:25,3
DA:26,3
DA:27,3
DA:28,3
DA:29,1
DA:30,1
DA:31,3
DA:32,3
DA:33,3
DA:34,1
DA:35,0
DA:36,2
DA:37,2
DA:38,3
DA:39,3
DA:40,3
DA:41,3
DA:42,3
DA:43,3
DA:44,3
DA:45,3
DA:46,3
DA:47,3
DA:48,3
DA:49,3
DA:50,3
DA:51,3
DA:52,3
DA:53,3
DA:54,3
DA:55,3
DA:56,3
DA:57,3
DA:58,3
DA:59,3
DA:60,1
DA:61,1
DA:62,1
LF:62
LH:61
BRDA:62,0,0,1
BRDA:62,1,0,1
BRDA:62,2,0,0
BRDA:62,3,0,0
BRDA:62,4,0,0
BRDA:62,5,0,0
BRDA:62,6,0,0
BRDA:62,7,0,1
BRDA:62,8,0,0
BRDA:62,9,0,3
BRDA:62,10,0,0
BRDA:62,11,0,3
BRDA:62,12,0,3
BRDA:62,13,0,0
BRDA:62,14,0,7
BRDA:62,15,0,0
BRDA:62,16,0,0
BRDA:62,17,0,3
BRDA:62,18,0,7
BRDA:62,19,0,1
BRDA:62,20,0,9
BRDA:62,21,0,2
BRDA:62,22,0,7
BRDA:62,23,0,3
BRDA:62,24,0,0
BRDA:62,25,0,7
BRDA:62,26,0,0
BRDA:62,27,0,0
BRDA:62,28,0,9
BRDA:62,29,0,0
BRDA:62,30,0,10
BRDA:62,31,0,0
BRDA:62,32,0,10
BRDA:62,33,0,0
BRDA:62,34,0,20
BRDA:62,35,0,0
BRDA:62,36,0,0
BRDA:62,37,0,0
BRDA:62,38,0,0
BRDA:62,39,0,10
BRDA:62,40,0,10
BRDA:62,41,0,0
BRDA:62,42,0,7
BRDA:62,43,0,0
BRDA:62,44,0,3
BRDA:62,45,0,0
BRDA:62,46,0,2
BRDA:62,47,0,0
BRDA:62,48,0,0
BRDA:62,49,0,0
BRDA:62,50,0,0
BRDA:62,51,0,0
BRDA:62,52,0,10
BRDA:62,53,0,9
BRDA:62,54,0,1
BRDA:62,55,0,10
BRDA:62,56,0,1
BRDA:62,57,0,2
BRDA:62,58,0,0
BRDA:62,59,0,0
BRDA:62,60,0,2
BRDA:62,61,0,1
BRDA:62,62,0,1
BRDA:62,63,0,0
BRDA:18,64,0,1
BRDA:60,65,0,0
BRDA:19,66,0,3
BRDA:30,67,0,3
BRDA:62,68,0,0
BRDA:62,69,0,3
BRDA:62,70,0,0
BRDA:62,71,0,10
BRDA:31,72,0,3
BRDA:62,73,0,0
BRDA:62,74,0,3
BRDA:33,75,0,1
BRDA:34,76,0,0
BRDA:35,77,0,2
BRDA:62,78,0,0
BRDA:62,79,0,2
BRDA:62,80,0,0
BRDA:62,81,0,2
BRDA:62,82,0,0
BRF:83
BRH:44
end_of_record
TN:
SF:src/modules/users/services/ShowProfileService.ts
FN:33,__decorate
FN:33,__metadata
FN:33,__param
FN:33,__awaiter
FN:33,adopt
FN:33,fulfilled
FN:33,rejected
FN:33,step
FN:33,__generator
FN:33,sent
FN:33,Symbol.function.g.(anonymous function)
FN:33,verb
FN:33,step
FN:33,__importDefault
FN:15,ShowProfileService
FN:21,ShowProfileService.execute
FNF:16
FNH:14
FNDA:1,__decorate
FNDA:1,__metadata
FNDA:1,__param
FNDA:2,__awaiter
FNDA:2,adopt
FNDA:2,fulfilled
FNDA:0,rejected
FNDA:3,step
FNDA:2,__generator
FNDA:2,sent
FNDA:0,Symbol.function.g.(anonymous function)
FNDA:6,verb
FNDA:4,step
FNDA:1,__importDefault
FNDA:2,ShowProfileService
FNDA:2,ShowProfileService.execute
DA:1,1
DA:2,1
DA:3,1
DA:4,1
DA:5,1
DA:6,1
DA:7,1
DA:8,1
DA:9,1
DA:10,1
DA:11,1
DA:12,1
DA:13,1
DA:14,1
DA:15,1
DA:16,2
DA:17,2
DA:18,2
DA:19,2
DA:20,1
DA:21,1
DA:22,2
DA:23,2
DA:24,2
DA:25,2
DA:26,1
DA:27,0
DA:28,1
DA:29,1
DA:30,2
DA:31,1
DA:32,1
DA:33,1
LF:33
LH:32
BRDA:33,0,0,1
BRDA:33,1,0,1
BRDA:33,2,0,0
BRDA:33,3,0,0
BRDA:33,4,0,0
BRDA:33,5,0,0
BRDA:33,6,0,0
BRDA:33,7,0,1
BRDA:33,8,0,0
BRDA:33,9,0,1
BRDA:33,10,0,0
BRDA:33,11,0,1
BRDA:33,12,0,2
BRDA:33,13,0,0
BRDA:33,14,0,2
BRDA:33,15,0,0
BRDA:33,16,0,0
BRDA:33,17,0,2
BRDA:33,18,0,2
BRDA:33,19,0,1
BRDA:33,20,0,3
BRDA:33,21,0,1
BRDA:33,22,0,2
BRDA:33,23,0,2
BRDA:33,24,0,0
BRDA:33,25,0,2
BRDA:33,26,0,0
BRDA:33,27,0,0
BRDA:33,28,0,6
BRDA:33,29,0,0
BRDA:33,30,0,4
BRDA:33,31,0,0
BRDA:33,32,0,4
BRDA:33,33,0,0
BRDA:33,34,0,8
BRDA:33,35,0,0
BRDA:33,36,0,0
BRDA:33,37,0,0
BRDA:33,38,0,0
BRDA:33,39,0,4
BRDA:33,40,0,4
BRDA:33,41,0,0
BRDA:33,42,0,2
BRDA:33,43,0,0
BRDA:33,44,0,2
BRDA:33,45,0,0
BRDA:33,46,0,1
BRDA:33,47,0,0
BRDA:33,48,0,0
BRDA:33,49,0,0
BRDA:33,50,0,0
BRDA:33,51,0,0
BRDA:33,52,0,4
BRDA:33,53,0,3
BRDA:33,54,0,1
BRDA:33,55,0,4
BRDA:33,56,0,1
BRDA:33,57,0,0
BRDA:33,58,0,0
BRDA:33,59,0,1
BRDA:33,60,0,0
BRDA:33,61,0,0
BRDA:14,62,0,1
BRDA:31,63,0,0
BRDA:15,64,0,2
BRDA:21,65,0,2
BRDA:33,66,0,0
BRDA:33,67,0,2
BRDA:33,68,0,0
BRDA:33,69,0,4
BRDA:23,70,0,2
BRDA:33,71,0,0
BRDA:33,72,0,2
BRDA:25,73,0,1
BRDA:26,74,0,0
BRDA:33,75,0,0
BRF:76
BRH:38
end_of_record
TN:
SF:src/modules/users/services/UpdateProfileService.ts
FN:68,__decorate
FN:68,__metadata
FN:68,__param
FN:68,__awaiter
FN:68,adopt
FN:68,fulfilled
FN:68,rejected
FN:68,step
FN:68,__generator
FN:68,sent
FN:68,Symbol.function.g.(anonymous function)
FN:68,verb
FN:68,step
FN:68,__importDefault
FN:22,UpdateProfileService
FN:30,UpdateProfileService.execute
FNF:16
FNH:14
FNDA:1,__decorate
FNDA:1,__metadata
FNDA:2,__param
FNDA:6,__awaiter
FNDA:14,adopt
FNDA:14,fulfilled
FNDA:0,rejected
FNDA:16,step
FNDA:6,__generator
FNDA:14,sent
FNDA:0,Symbol.function.g.(anonymous function)
FNDA:18,verb
FNDA:20,step
FNDA:1,__importDefault
FNDA:6,UpdateProfileService
FNDA:6,UpdateProfileService.execute
DA:1,1
DA:2,1
DA:3,1
DA:4,1
DA:5,1
DA:6,1
DA:7,1
DA:8,1
DA:9,1
DA:10,1
DA:11,1
DA:12,1
DA:13,1
DA:14,1
DA:15,1
DA:16,1
DA:17,1
DA:18,1
DA:19,1
DA:20,1
DA:21,1
DA:22,1
DA:23,6
DA:24,6
DA:25,6
DA:26,6
DA:27,6
DA:28,6
DA:29,1
DA:30,1
DA:31,6
DA:32,6
DA:33,6
DA:34,6
DA:35,1
DA:36,0
DA:37,5
DA:38,5
DA:39,6
DA:40,6
DA:41,1
DA:42,0
DA:43,4
DA:44,4
DA:45,4
DA:46,4
DA:47,6
DA:48,1
DA:49,0
DA:50,3
DA:51,6
DA:52,2
DA:53,2
DA:54,2
DA:55,2
DA:56,6
DA:57,6
DA:58,1
DA:59,0
DA:60,1
DA:61,1
DA:62,6
DA:63,6
DA:64,6
DA:65,6
DA:66,1
DA:67,1
DA:68,1
LF:68
LH:64
BRDA:68,0,0,1
BRDA:68,1,0,1
BRDA:68,2,0,0
BRDA:68,3,0,0
BRDA:68,4,0,0
BRDA:68,5,0,0
BRDA:68,6,0,0
BRDA:68,7,0,1
BRDA:68,8,0,0
BRDA:68,9,0,2
BRDA:68,10,0,0
BRDA:68,11,0,2
BRDA:68,12,0,6
BRDA:68,13,0,0
BRDA:68,14,0,14
BRDA:68,15,0,0
BRDA:68,16,0,0
BRDA:68,17,0,6
BRDA:68,18,0,14
BRDA:68,19,0,4
BRDA:68,20,0,16
BRDA:68,21,0,2
BRDA:68,22,0,14
BRDA:68,23,0,6
BRDA:68,24,0,0
BRDA:68,25,0,14
BRDA:68,26,0,0
BRDA:68,27,0,0
BRDA:68,28,0,18
BRDA:68,29,0,0
BRDA:68,30,0,20
BRDA:68,31,0,0
BRDA:68,32,0,20
BRDA:68,33,0,0
BRDA:68,34,0,41
BRDA:68,35,0,0
BRDA:68,36,0,0
BRDA:68,37,0,0
BRDA:68,38,0,0
BRDA:68,39,0,20
BRDA:68,40,0,20
BRDA:68,41,0,0
BRDA:68,42,0,14
BRDA:68,43,0,0
BRDA:68,44,0,7
BRDA:68,45,0,0
BRDA:68,46,0,3
BRDA:68,47,0,6
BRDA:68,48,0,0
BRDA:68,49,0,1
BRDA:68,50,0,0
BRDA:68,51,0,1
BRDA:68,52,0,0
BRDA:68,53,0,0
BRDA:68,54,0,0
BRDA:68,55,0,0
BRDA:68,56,0,0
BRDA:68,57,0,21
BRDA:68,58,0,17
BRDA:68,59,0,4
BRDA:68,60,0,21
BRDA:68,61,0,21
BRDA:68,62,0,4
BRDA:68,63,0,2
BRDA:68,64,0,0
BRDA:68,65,0,0
BRDA:68,66,0,1
BRDA:68,67,0,0
BRDA:68,68,0,0
BRDA:21,69,0,1
BRDA:66,70,0,0
BRDA:22,71,0,6
BRDA:30,72,0,6
BRDA:68,73,0,0
BRDA:68,74,0,6
BRDA:68,75,0,0
BRDA:68,76,0,21
BRDA:32,77,0,6
BRDA:68,78,0,0
BRDA:68,79,0,6
BRDA:34,80,0,1
BRDA:35,81,0,0
BRDA:36,82,0,5
BRDA:68,83,0,0
BRDA:68,84,0,5
BRDA:40,85,0,1
BRDA:40,86,0,1
BRDA:41,87,0,0
BRDA:42,88,0,4
BRDA:47,89,0,3
BRDA:47,90,0,1
BRDA:48,91,0,0
BRDA:49,92,0,3
BRDA:51,93,0,2
BRDA:51,94,0,1
BRDA:51,95,0,2
BRDA:68,96,0,0
BRDA:68,97,0,2
BRDA:57,98,0,1
BRDA:58,99,0,0
BRDA:68,100,0,0
BRDA:68,101,0,1
BRDA:64,102,0,2
BRDA:68,103,0,0
BRF:104
BRH:58
end_of_record
TN:
SF:src/modules/users/services/UpdateUserAvatarService.ts
FN:55,__decorate
FN:55,__metadata
FN:55,__param
FN:55,__awaiter
FN:55,adopt
FN:55,fulfilled
FN:55,rejected
FN:55,step
FN:55,__generator
FN:55,sent
FN:55,Symbol.function.g.(anonymous function)
FN:55,verb
FN:55,step
FN:55,__importDefault
FN:20,UpdateUserAvatarService
FN:30,UpdateUserAvatarService.execute
FNF:16
FNH:14
FNDA:1,__decorate
FNDA:1,__metadata
FNDA:2,__param
FNDA:4,__awaiter
FNDA:11,adopt
FNDA:11,fulfilled
FNDA:0,rejected
FNDA:14,step
FNDA:4,__generator
FNDA:11,sent
FNDA:0,Symbol.function.g.(anonymous function)
FNDA:12,verb
FNDA:15,step
FNDA:1,__importDefault
FNDA:3,UpdateUserAvatarService
FNDA:4,UpdateUserAvatarService.execute
DA:1,1
DA:2,1
DA:3,1
DA:4,1
DA:5,1
DA:6,1
DA:7,1
DA:8,1
DA:9,1
DA:10,1
DA:11,1
DA:12,1
DA:13,1
DA:14,1
DA:15,1
DA:16,1
DA:17,1
DA:18,1
DA:19,1
DA:20,1
DA:21,3
DA:22,3
DA:23,3
DA:24,3
DA:25,3
DA:26,3
DA:27,3
DA:28,3
DA:29,1
DA:30,1
DA:31,4
DA:32,4
DA:33,4
DA:34,4
DA:35,1
DA:36,1
DA:37,1
DA:38,1
DA:39,0
DA:40,3
DA:41,3
DA:42,1
DA:43,4
DA:44,4
DA:45,4
DA:46,4
DA:47,4
DA:48,4
DA:49,4
DA:50,4
DA:51,4
DA:52,4
DA:53,1
DA:54,1
DA:55,1
LF:55
LH:54
BRDA:55,0,0,1
BRDA:55,1,0,1
BRDA:55,2,0,0
BRDA:55,3,0,0
BRDA:55,4,0,0
BRDA:55,5,0,0
BRDA:55,6,0,0
BRDA:55,7,0,1
BRDA:55,8,0,0
BRDA:55,9,0,2
BRDA:55,10,0,0
BRDA:55,11,0,2
BRDA:55,12,0,4
BRDA:55,13,0,0
BRDA:55,14,0,11
BRDA:55,15,0,0
BRDA:55,16,0,0
BRDA:55,17,0,4
BRDA:55,18,0,11
BRDA:55,19,0,1
BRDA:55,20,0,14
BRDA:55,21,0,3
BRDA:55,22,0,11
BRDA:55,23,0,4
BRDA:55,24,0,0
BRDA:55,25,0,11
BRDA:55,26,0,0
BRDA:55,27,0,0
BRDA:55,28,0,12
BRDA:55,29,0,0
BRDA:55,30,0,15
BRDA:55,31,0,0
BRDA:55,32,0,15
BRDA:55,33,0,0
BRDA:55,34,0,32
BRDA:55,35,0,0
BRDA:55,36,0,0
BRDA:55,37,0,0
BRDA:55,38,0,0
BRDA:55,39,0,15
BRDA:55,40,0,15
BRDA:55,41,0,0
BRDA:55,42,0,11
BRDA:55,43,0,0
BRDA:55,44,0,6
BRDA:55,45,0,0
BRDA:55,46,0,5
BRDA:55,47,0,4
BRDA:55,48,0,0
BRDA:55,49,0,2
BRDA:55,50,0,0
BRDA:55,51,0,2
BRDA:55,52,0,0
BRDA:55,53,0,0
BRDA:55,54,0,0
BRDA:55,55,0,0
BRDA:55,56,0,0
BRDA:55,57,0,17
BRDA:55,58,0,16
BRDA:55,59,0,1
BRDA:55,60,0,17
BRDA:55,61,0,17
BRDA:55,62,0,1
BRDA:55,63,0,3
BRDA:55,64,0,0
BRDA:55,65,0,0
BRDA:55,66,0,1
BRDA:55,67,0,0
BRDA:55,68,0,0
BRDA:19,69,0,1
BRDA:53,70,0,0
BRDA:20,71,0,3
BRDA:30,72,0,4
BRDA:55,73,0,0
BRDA:55,74,0,4
BRDA:55,75,0,0
BRDA:55,76,0,17
BRDA:32,77,0,4
BRDA:55,78,0,0
BRDA:55,79,0,4
BRDA:34,80,0,1
BRDA:38,81,0,0
BRDA:39,82,0,3
BRDA:41,83,0,2
BRDA:41,84,0,1
BRDA:55,85,0,0
BRDA:55,86,0,1
BRDA:45,87,0,3
BRDA:55,88,0,0
BRDA:55,89,0,3
BRDA:55,90,0,0
BRDA:55,91,0,3
BRDA:55,92,0,0
BRF:93
BRH:50
end_of_record
